0 silly input [ 'publish' ]
1 silly flags { _: [ 'publish' ],
1 silly flags   'reject-cycles': false,
1 silly flags   rejectCycles: false,
1 silly flags   'skip-git': true,
1 silly flags   skipGit: true }
2 verbose rootPath /home/italo/Documentos/dev/reuse
3 info version 2.9.0
4 silly isInitialized
5 silly isInitialized true
6 silly existsSync /home/italo/Documentos/dev/reuse/VERSION
7 silly initialize attempt
8 info current version 0.0.1
9 silly getUpdates
10 info Checking for updated packages...
11 silly hasTags
12 verbose hasTags false
13 info Comparing with initial commit.
14 verbose updated @lemni/core
15 verbose updated @lemni/tsconfig
16 verbose updated @lemni/tslint
17 info Checking for prereleased packages...
18 silly collectDependents
19 silly isPackageDependentOf @lemni/core @lemni/core
20 silly isPackageDependentOf @lemni/tsconfig @lemni/core
21 silly isPackageDependentOf @lemni/tslint @lemni/core
22 silly isPackageDependentOf @lemni/core @lemni/tsconfig
23 verbose dependent @lemni/core depends on @lemni/tsconfig
24 silly isPackageDependentOf @lemni/core @lemni/tslint
25 verbose dependent @lemni/core depends on @lemni/tslint
26 silly isPackageDependentOf @lemni/tsconfig @lemni/core
27 silly isPackageDependentOf @lemni/tsconfig @lemni/tsconfig
28 silly isPackageDependentOf @lemni/tsconfig @lemni/tslint
29 silly isPackageDependentOf @lemni/tslint @lemni/core
30 silly isPackageDependentOf @lemni/tslint @lemni/tsconfig
31 silly isPackageDependentOf @lemni/tslint @lemni/tslint
32 silly collectUpdates
33 verbose has filtered update @lemni/core
34 verbose has filtered update @lemni/tsconfig
35 verbose has filtered update @lemni/tslint
36 silly initialize success
37 silly execute attempt
38 silly runScriptSync preversion lemni
39 silly runScriptSync preversion @lemni/core
40 silly runScriptSync version @lemni/core
41 silly runScriptSync preversion @lemni/tsconfig
42 silly runScriptSync version @lemni/tsconfig
43 silly runScriptSync preversion @lemni/tslint
44 silly runScriptSync version @lemni/tslint
45 silly runScriptSync version lemni
46 info publish Publishing packages to npm...
47 silly existsSync /home/italo/Documentos/dev/reuse/packages/lemni-core/scripts/prepublish.js
48 verbose execScript No prepublish script found at /home/italo/Documentos/dev/reuse/packages/lemni-core/scripts/prepublish.js
49 silly existsSync /home/italo/Documentos/dev/reuse/packages/lemni-tsconfig/scripts/prepublish.js
50 verbose execScript No prepublish script found at /home/italo/Documentos/dev/reuse/packages/lemni-tsconfig/scripts/prepublish.js
51 silly existsSync /home/italo/Documentos/dev/reuse/packages/lemni-tslint/scripts/prepublish.js
52 verbose execScript No prepublish script found at /home/italo/Documentos/dev/reuse/packages/lemni-tslint/scripts/prepublish.js
53 verbose publishing @lemni/core
54 silly publishTaggedInDir latest lemni-core
55 silly getExecOpts { cwd: '/home/italo/Documentos/dev/reuse/packages/lemni-core' }
56 error publish Retrying failed publish: @lemni/core
57 verbose publish error undefined
58 verbose publishing @lemni/core
59 silly publishTaggedInDir latest lemni-core
60 silly getExecOpts { cwd: '/home/italo/Documentos/dev/reuse/packages/lemni-core' }
61 error publish Retrying failed publish: @lemni/core
62 verbose publish error undefined
63 verbose publishing @lemni/core
64 silly publishTaggedInDir latest lemni-core
65 silly getExecOpts { cwd: '/home/italo/Documentos/dev/reuse/packages/lemni-core' }
66 error publish Retrying failed publish: @lemni/core
67 verbose publish error undefined
68 verbose publishing @lemni/core
69 silly publishTaggedInDir latest lemni-core
70 silly getExecOpts { cwd: '/home/italo/Documentos/dev/reuse/packages/lemni-core' }
71 error publish Retrying failed publish: @lemni/core
72 verbose publish error undefined
73 verbose publishing @lemni/core
74 silly publishTaggedInDir latest lemni-core
75 silly getExecOpts { cwd: '/home/italo/Documentos/dev/reuse/packages/lemni-core' }
76 error publish Ran out of retries while publishing @lemni/core Error: Command failed: yarn publish --tag latest --new-version 0.0.1
76 error publish error An unexpected error occurred: "https://registry.yarnpkg.com/@lemni%2fcore: You must sign up for private packages".
76 error publish yarn publish v1.5.1
76 error publish [1/4] Bumping version...
76 error publish info Current version: 0.0.1
76 error publish [2/4] Logging in...
76 error publish [3/4] Publishing...
76 error publish $ npm run build
76 error publish
76 error publish > @lemni/core@0.0.1 build /home/italo/Documentos/dev/reuse/packages/lemni-core
76 error publish > npm run clean && tsc
76 error publish
76 error publish
76 error publish > @lemni/core@0.0.1 clean /home/italo/Documentos/dev/reuse/packages/lemni-core
76 error publish > rm -rf lib && mkdir lib
76 error publish
76 error publish info If you think this is a bug, please open a bug report with the information provided in "/home/italo/Documentos/dev/reuse/packages/lemni-core/yarn-error.log".
76 error publish info Visit https://yarnpkg.com/en/docs/cli/publish for documentation about this command.
76 error publish
76 error publish     at Promise.all.then.arr (/home/italo/.npm/_npx/15401/lib/node_modules/lerna/node_modules/execa/index.js:236:11)
76 error publish     at <anonymous>
76 error publish     at process._tickCallback (internal/process/next_tick.js:188:7)
77 error execute callback with error
78 error Error: Command failed: yarn publish --tag latest --new-version 0.0.1
78 error error An unexpected error occurred: "https://registry.yarnpkg.com/@lemni%2fcore: You must sign up for private packages".
78 error yarn publish v1.5.1
78 error [1/4] Bumping version...
78 error info Current version: 0.0.1
78 error [2/4] Logging in...
78 error [3/4] Publishing...
78 error $ npm run build
78 error
78 error > @lemni/core@0.0.1 build /home/italo/Documentos/dev/reuse/packages/lemni-core
78 error > npm run clean && tsc
78 error
78 error
78 error > @lemni/core@0.0.1 clean /home/italo/Documentos/dev/reuse/packages/lemni-core
78 error > rm -rf lib && mkdir lib
78 error
78 error info If you think this is a bug, please open a bug report with the information provided in "/home/italo/Documentos/dev/reuse/packages/lemni-core/yarn-error.log".
78 error info Visit https://yarnpkg.com/en/docs/cli/publish for documentation about this command.
78 error
78 error     at Promise.all.then.arr (/home/italo/.npm/_npx/15401/lib/node_modules/lerna/node_modules/execa/index.js:236:11)
78 error     at <anonymous>
