Arguments: 
  /usr/bin/node /usr/bin/yarn docs:publish analytics config

PATH: 
  /home/italo/bin:/home/italo/.local/bin:/usr/local/sbin:/usr/local/bin:/usr/sbin:/usr/bin:/sbin:/bin:/usr/games:/usr/local/games

Yarn version: 
  1.5.1

Node version: 
  8.10.0

Platform: 
  linux x64

npm manifest: 
  No manifest

yarn manifest: 
  No manifest

Lockfile: 
  No lockfile

Trace: 
  Error: Command failed.
  Exit code: 1
  Command: sh
  Arguments: -c sh scripts/docs-publish.sh 'analytics config'
  Directory: /home/italo/Documentos/dev/reuse
  Output:
  
      at ProcessTermError.MessageError (/usr/lib/node_modules/yarn/lib/cli.js:186:110)
      at new ProcessTermError (/usr/lib/node_modules/yarn/lib/cli.js:226:113)
      at ChildProcess.<anonymous> (/usr/lib/node_modules/yarn/lib/cli.js:30281:17)
      at emitTwo (events.js:126:13)
      at ChildProcess.emit (events.js:214:7)
      at maybeClose (internal/child_process.js:925:16)
      at Process.ChildProcess._handle.onexit (internal/child_process.js:209:5)
